============================================================
  Generated by:           Genus(TM) Synthesis Solution 22.17-s071_1
  Generated on:           Apr 29 2025  08:05:02 pm
  Module:                 alu
  Technology libraries:   slow_1v0 
                          pll 0.0
                          CDK_S128x16 0.0
                          CDK_S256x16 0.0
                          CDK_R512x16 0.0
                          physical_cells 
                          slow_1v0 
                          pll 0.0
                          CDK_S128x16 0.0
                          CDK_S256x16 0.0
                          CDK_R512x16 0.0
                          physical_cells 
  Operating conditions:   slow 
  Interconnect mode:      global
  Area mode:              physical library
============================================================

Timing
-------
  Cost    Critical         Violating 
 Group   Path Slack  TNS     Paths   
-------------------------------------
default    No paths   0.0            
-------------------------------------
Total                 0.0          0 

Instance Count
--------------
Leaf Instance Count             313 
Physical Instance count           0 
Sequential Instance Count         0 
Combinational Instance Count    313 
Hierarchical Instance Count       0 

Area
----
Cell Area                          770.526
Physical Cell Area                 0.000
Total Cell Area (Cell+Physical)    770.526
Net Area                           455.951
Total Area (Cell+Physical+Net)     1226.477

Runtime                            0.0 seconds
Elapsed Runtime                    39 seconds
Genus peak memory usage            1625.02 
Innovus peak memory usage          no_value 
Hostname                           vlsiktmt
